[01m[K/home/aaa/robot/ros2_ws/src/panda_pick/src/cpp_pick_node.cpp:[m[K In function â€˜[01m[Kvoid execute_task(rclcpp::Node::SharedPtr, moveit::planning_interface::MoveGroupInterface&, moveit::planning_interface::MoveGroupInterface&, const Task&)[m[Kâ€™:
[01m[K/home/aaa/robot/ros2_ws/src/panda_pick/src/cpp_pick_node.cpp:263:32:[m[K [01;31m[Kerror: [m[Kâ€˜[01m[KGRIPPER_OFFSET[m[Kâ€™ was not declared in this scope
  263 |     place_target.position.z += [01;31m[KGRIPPER_OFFSET[m[K;
      |                                [01;31m[K^~~~~~~~~~~~~~[m[K
gmake[2]: *** [CMakeFiles/cpp_pick_node.dir/build.make:76: CMakeFiles/cpp_pick_node.dir/src/cpp_pick_node.cpp.o] Error 1
gmake[1]: *** [CMakeFiles/Makefile2:137: CMakeFiles/cpp_pick_node.dir/all] Error 2
gmake: *** [Makefile:146: all] Error 2
