[0.205s] Invoking command in '/home/aaa/robot/ros2_ws/build/panda_pick': CMAKE_PREFIX_PATH=${CMAKE_PREFIX_PATH}:/home/aaa/robot/ros2_ws/install/smach_ros:/home/aaa/robot/ros2_ws/install/smach_demo:/home/aaa/robot/ros2_ws/install/smach:/home/aaa/robot/ros2_ws/install/mj_bridge:/opt/ros/humble /usr/bin/cmake --build /home/aaa/robot/ros2_ws/build/panda_pick -- -j2 -l2
[0.344s] [35m[1mConsolidate compiler generated dependencies of target cpp_pick_node[0m
[0.385s] [ 50%] [32mBuilding CXX object CMakeFiles/cpp_pick_node.dir/src/cpp_pick_node.cpp.o[0m
[9.013s] [01m[K/home/aaa/robot/ros2_ws/src/panda_pick/src/cpp_pick_node.cpp:[m[K In function â€˜[01m[Kvoid execute_task(rclcpp::Node::SharedPtr, moveit::planning_interface::MoveGroupInterface&, moveit::planning_interface::MoveGroupInterface&, const Task&)[m[Kâ€™:
[9.014s] [01m[K/home/aaa/robot/ros2_ws/src/panda_pick/src/cpp_pick_node.cpp:268:34:[m[K [01;31m[Kerror: [m[Kâ€˜[01m[Kplace_pose[m[Kâ€™ was not declared in this scope
[9.014s]   268 |     if (!move_to_pose(arm_group, [01;31m[Kplace_pose[m[K, node->get_logger(), "Descend Place")) return;
[9.014s]       |                                  [01;31m[K^~~~~~~~~~[m[K
[13.324s] gmake[2]: *** [CMakeFiles/cpp_pick_node.dir/build.make:76: CMakeFiles/cpp_pick_node.dir/src/cpp_pick_node.cpp.o] Error 1
[13.327s] gmake[1]: *** [CMakeFiles/Makefile2:137: CMakeFiles/cpp_pick_node.dir/all] Error 2
[13.328s] gmake: *** [Makefile:146: all] Error 2
[13.368s] Invoked command in '/home/aaa/robot/ros2_ws/build/panda_pick' returned '2': CMAKE_PREFIX_PATH=${CMAKE_PREFIX_PATH}:/home/aaa/robot/ros2_ws/install/smach_ros:/home/aaa/robot/ros2_ws/install/smach_demo:/home/aaa/robot/ros2_ws/install/smach:/home/aaa/robot/ros2_ws/install/mj_bridge:/opt/ros/humble /usr/bin/cmake --build /home/aaa/robot/ros2_ws/build/panda_pick -- -j2 -l2
