[0.213s] Invoking command in '/home/aaa/robot/ros2_ws/build/panda_pick': CMAKE_PREFIX_PATH=${CMAKE_PREFIX_PATH}:/home/aaa/robot/ros2_ws/install/smach_ros:/home/aaa/robot/ros2_ws/install/smach_demo:/home/aaa/robot/ros2_ws/install/smach:/home/aaa/robot/ros2_ws/install/mj_bridge:/opt/ros/humble /usr/bin/cmake --build /home/aaa/robot/ros2_ws/build/panda_pick -- -j2 -l2
[0.373s] [35m[1mConsolidate compiler generated dependencies of target cpp_pick_node[0m
[0.469s] [ 50%] [32mBuilding CXX object CMakeFiles/cpp_pick_node.dir/src/cpp_pick_node.cpp.o[0m
[3.631s] [01m[K/home/aaa/robot/ros2_ws/src/panda_pick/src/cpp_pick_node.cpp:[m[K In function â€˜[01m[Kint main(int, char**)[m[Kâ€™:
[3.631s] [01m[K/home/aaa/robot/ros2_ws/src/panda_pick/src/cpp_pick_node.cpp:267:30:[m[K [01;31m[Kerror: [m[Kredeclaration of â€˜[01m[Kgeometry_msgs::msg::Pose target_pose[m[Kâ€™
[3.631s]   267 |     geometry_msgs::msg::Pose [01;31m[Ktarget_pose[m[K;
[3.631s]       |                              [01;31m[K^~~~~~~~~~~[m[K
[3.632s] [01m[K/home/aaa/robot/ros2_ws/src/panda_pick/src/cpp_pick_node.cpp:182:30:[m[K [01;36m[Knote: [m[Kâ€˜[01m[Kgeometry_msgs::msg::Pose target_pose[m[Kâ€™ previously declared here
[3.632s]   182 |     geometry_msgs::msg::Pose [01;36m[Ktarget_pose[m[K;
[3.632s]       |                              [01;36m[K^~~~~~~~~~~[m[K
[3.632s] [01m[K/home/aaa/robot/ros2_ws/src/panda_pick/src/cpp_pick_node.cpp:268:21:[m[K [01;31m[Kerror: [m[Kredeclaration of â€˜[01m[Ktf2::Quaternion q[m[Kâ€™
[3.632s]   268 |     tf2::Quaternion [01;31m[Kq[m[K;
[3.632s]       |                     [01;31m[K^[m[K
[3.632s] [01m[K/home/aaa/robot/ros2_ws/src/panda_pick/src/cpp_pick_node.cpp:183:21:[m[K [01;36m[Knote: [m[Kâ€˜[01m[Ktf2::Quaternion q[m[Kâ€™ previously declared here
[3.632s]   183 |     tf2::Quaternion [01;36m[Kq[m[K;
[3.632s]       |                     [01;36m[K^[m[K
[5.744s] gmake[2]: *** [CMakeFiles/cpp_pick_node.dir/build.make:76: CMakeFiles/cpp_pick_node.dir/src/cpp_pick_node.cpp.o] Error 1
[5.745s] gmake[1]: *** [CMakeFiles/Makefile2:137: CMakeFiles/cpp_pick_node.dir/all] Error 2
[5.745s] gmake: *** [Makefile:146: all] Error 2
[5.756s] Invoked command in '/home/aaa/robot/ros2_ws/build/panda_pick' returned '2': CMAKE_PREFIX_PATH=${CMAKE_PREFIX_PATH}:/home/aaa/robot/ros2_ws/install/smach_ros:/home/aaa/robot/ros2_ws/install/smach_demo:/home/aaa/robot/ros2_ws/install/smach:/home/aaa/robot/ros2_ws/install/mj_bridge:/opt/ros/humble /usr/bin/cmake --build /home/aaa/robot/ros2_ws/build/panda_pick -- -j2 -l2
