[0.179s] Invoking command in '/home/aaa/robot/ros2_ws/build/panda_pick': CMAKE_PREFIX_PATH=${CMAKE_PREFIX_PATH}:/home/aaa/robot/ros2_ws/install/smach_ros:/home/aaa/robot/ros2_ws/install/smach_demo:/home/aaa/robot/ros2_ws/install/smach:/home/aaa/robot/ros2_ws/install/mj_bridge:/opt/ros/humble /usr/bin/cmake --build /home/aaa/robot/ros2_ws/build/panda_pick -- -j2 -l2
[0.350s] [35m[1mConsolidate compiler generated dependencies of target cpp_pick_node[0m
[0.369s] [ 50%] [32mBuilding CXX object CMakeFiles/cpp_pick_node.dir/src/cpp_pick_node.cpp.o[0m
[3.048s] [01m[K/home/aaa/robot/ros2_ws/src/panda_pick/src/cpp_pick_node.cpp:[m[K In function â€˜[01m[Kint main(int, char**)[m[Kâ€™:
[3.048s] [01m[K/home/aaa/robot/ros2_ws/src/panda_pick/src/cpp_pick_node.cpp:314:43:[m[K [01;31m[Kerror: [m[Kredeclaration of â€˜[01m[Kstd::vector<geometry_msgs::msg::Pose_<std::allocator<void> > > waypoints_down[m[Kâ€™
[3.048s]   314 |     std::vector<geometry_msgs::msg::Pose> [01;31m[Kwaypoints_down[m[K;
[3.048s]       |                                           [01;31m[K^~~~~~~~~~~~~~[m[K
[3.048s] [01m[K/home/aaa/robot/ros2_ws/src/panda_pick/src/cpp_pick_node.cpp:260:43:[m[K [01;36m[Knote: [m[Kâ€˜[01m[Kstd::vector<geometry_msgs::msg::Pose_<std::allocator<void> > > waypoints_down[m[Kâ€™ previously declared here
[3.048s]   260 |     std::vector<geometry_msgs::msg::Pose> [01;36m[Kwaypoints_down[m[K;
[3.048s]       |                                           [01;36m[K^~~~~~~~~~~~~~[m[K
[3.049s] [01m[K/home/aaa/robot/ros2_ws/src/panda_pick/src/cpp_pick_node.cpp:397:43:[m[K [01;31m[Kerror: [m[Kredeclaration of â€˜[01m[Kstd::vector<geometry_msgs::msg::Pose_<std::allocator<void> > > waypoints_drop[m[Kâ€™
[3.049s]   397 |     std::vector<geometry_msgs::msg::Pose> [01;31m[Kwaypoints_drop[m[K;
[3.049s]       |                                           [01;31m[K^~~~~~~~~~~~~~[m[K
[3.049s] [01m[K/home/aaa/robot/ros2_ws/src/panda_pick/src/cpp_pick_node.cpp:291:43:[m[K [01;36m[Knote: [m[Kâ€˜[01m[Kstd::vector<geometry_msgs::msg::Pose_<std::allocator<void> > > waypoints_drop[m[Kâ€™ previously declared here
[3.049s]   291 |     std::vector<geometry_msgs::msg::Pose> [01;36m[Kwaypoints_drop[m[K;
[3.049s]       |                                           [01;36m[K^~~~~~~~~~~~~~[m[K
[3.049s] [01m[K/home/aaa/robot/ros2_ws/src/panda_pick/src/cpp_pick_node.cpp:400:39:[m[K [01;31m[Kerror: [m[Kredeclaration of â€˜[01m[Kmoveit_msgs::msg::RobotTrajectory trajectory_drop[m[Kâ€™
[3.049s]   400 |     moveit_msgs::msg::RobotTrajectory [01;31m[Ktrajectory_drop[m[K;
[3.049s]       |                                       [01;31m[K^~~~~~~~~~~~~~~[m[K
[3.049s] [01m[K/home/aaa/robot/ros2_ws/src/panda_pick/src/cpp_pick_node.cpp:294:39:[m[K [01;36m[Knote: [m[Kâ€˜[01m[Kmoveit_msgs::msg::RobotTrajectory trajectory_drop[m[Kâ€™ previously declared here
[3.049s]   294 |     moveit_msgs::msg::RobotTrajectory [01;36m[Ktrajectory_drop[m[K;
[3.049s]       |                                       [01;36m[K^~~~~~~~~~~~~~~[m[K
[3.049s] [01m[K/home/aaa/robot/ros2_ws/src/panda_pick/src/cpp_pick_node.cpp:402:12:[m[K [01;31m[Kerror: [m[Kredeclaration of â€˜[01m[Kdouble fraction_drop[m[Kâ€™
[3.049s]   402 |     double [01;31m[Kfraction_drop[m[K = arm_group.computeCartesianPath(waypoints_drop, 0.01, 0.0, trajectory_drop);
[3.049s]       |            [01;31m[K^~~~~~~~~~~~~[m[K
[3.049s] [01m[K/home/aaa/robot/ros2_ws/src/panda_pick/src/cpp_pick_node.cpp:296:12:[m[K [01;36m[Knote: [m[Kâ€˜[01m[Kdouble fraction_drop[m[Kâ€™ previously declared here
[3.049s]   296 |     double [01;36m[Kfraction_drop[m[K = arm_group.computeCartesianPath(waypoints_drop, 0.01, 0.0, trajectory_drop);
[3.049s]       |            [01;36m[K^~~~~~~~~~~~~[m[K
[4.749s] gmake[2]: *** [CMakeFiles/cpp_pick_node.dir/build.make:76: CMakeFiles/cpp_pick_node.dir/src/cpp_pick_node.cpp.o] Error 1
[4.749s] gmake[1]: *** [CMakeFiles/Makefile2:137: CMakeFiles/cpp_pick_node.dir/all] Error 2
[4.749s] gmake: *** [Makefile:146: all] Error 2
[4.755s] Invoked command in '/home/aaa/robot/ros2_ws/build/panda_pick' returned '2': CMAKE_PREFIX_PATH=${CMAKE_PREFIX_PATH}:/home/aaa/robot/ros2_ws/install/smach_ros:/home/aaa/robot/ros2_ws/install/smach_demo:/home/aaa/robot/ros2_ws/install/smach:/home/aaa/robot/ros2_ws/install/mj_bridge:/opt/ros/humble /usr/bin/cmake --build /home/aaa/robot/ros2_ws/build/panda_pick -- -j2 -l2
