[01m[K/home/aaa/robot/ros2_ws/src/panda_pick/src/cpp_pick_node.cpp:[m[K In function â€˜[01m[Kint main(int, char**)[m[Kâ€™:
[01m[K/home/aaa/robot/ros2_ws/src/panda_pick/src/cpp_pick_node.cpp:323:39:[m[K [01;31m[Kerror: [m[Kredeclaration of â€˜[01m[Kmoveit_msgs::msg::RobotTrajectory trajectory[m[Kâ€™
  323 |     moveit_msgs::msg::RobotTrajectory [01;31m[Ktrajectory[m[K;
      |                                       [01;31m[K^~~~~~~~~~[m[K
[01m[K/home/aaa/robot/ros2_ws/src/panda_pick/src/cpp_pick_node.cpp:264:39:[m[K [01;36m[Knote: [m[Kâ€˜[01m[Kmoveit_msgs::msg::RobotTrajectory trajectory[m[Kâ€™ previously declared here
  264 |     moveit_msgs::msg::RobotTrajectory [01;36m[Ktrajectory[m[K;
      |                                       [01;36m[K^~~~~~~~~~[m[K
[01m[K/home/aaa/robot/ros2_ws/src/panda_pick/src/cpp_pick_node.cpp:327:12:[m[K [01;31m[Kerror: [m[Kredeclaration of â€˜[01m[Kdouble fraction[m[Kâ€™
  327 |     double [01;31m[Kfraction[m[K = arm_group.computeCartesianPath(waypoints, eef_step, jump_threshold, trajectory);
      |            [01;31m[K^~~~~~~~[m[K
[01m[K/home/aaa/robot/ros2_ws/src/panda_pick/src/cpp_pick_node.cpp:265:12:[m[K [01;36m[Knote: [m[Kâ€˜[01m[Kdouble fraction[m[Kâ€™ previously declared here
  265 |     double [01;36m[Kfraction[m[K = arm_group.computeCartesianPath(waypoints_down, 0.01, 0.0, trajectory);
      |            [01;36m[K^~~~~~~~[m[K
gmake[2]: *** [CMakeFiles/cpp_pick_node.dir/build.make:76: CMakeFiles/cpp_pick_node.dir/src/cpp_pick_node.cpp.o] Error 1
gmake[1]: *** [CMakeFiles/Makefile2:137: CMakeFiles/cpp_pick_node.dir/all] Error 2
gmake: *** [Makefile:146: all] Error 2
