[0.261s] Invoking command in '/home/aaa/robot/ros2_ws/build/panda_pick': CMAKE_PREFIX_PATH=${CMAKE_PREFIX_PATH}:/home/aaa/robot/ros2_ws/install/smach_ros:/home/aaa/robot/ros2_ws/install/smach_demo:/home/aaa/robot/ros2_ws/install/smach:/home/aaa/robot/ros2_ws/install/mj_bridge:/opt/ros/humble /usr/bin/cmake --build /home/aaa/robot/ros2_ws/build/panda_pick -- -j2 -l2
[0.432s] [35m[1mConsolidate compiler generated dependencies of target cpp_pick_node[0m
[0.552s] [ 50%] [32mBuilding CXX object CMakeFiles/cpp_pick_node.dir/src/cpp_pick_node.cpp.o[0m
[4.412s] [01m[K/home/aaa/robot/ros2_ws/src/panda_pick/src/cpp_pick_node.cpp:[m[K In function â€˜[01m[Kint main(int, char**)[m[Kâ€™:
[4.412s] [01m[K/home/aaa/robot/ros2_ws/src/panda_pick/src/cpp_pick_node.cpp:323:39:[m[K [01;31m[Kerror: [m[Kredeclaration of â€˜[01m[Kmoveit_msgs::msg::RobotTrajectory trajectory[m[Kâ€™
[4.412s]   323 |     moveit_msgs::msg::RobotTrajectory [01;31m[Ktrajectory[m[K;
[4.412s]       |                                       [01;31m[K^~~~~~~~~~[m[K
[4.412s] [01m[K/home/aaa/robot/ros2_ws/src/panda_pick/src/cpp_pick_node.cpp:264:39:[m[K [01;36m[Knote: [m[Kâ€˜[01m[Kmoveit_msgs::msg::RobotTrajectory trajectory[m[Kâ€™ previously declared here
[4.412s]   264 |     moveit_msgs::msg::RobotTrajectory [01;36m[Ktrajectory[m[K;
[4.412s]       |                                       [01;36m[K^~~~~~~~~~[m[K
[4.413s] [01m[K/home/aaa/robot/ros2_ws/src/panda_pick/src/cpp_pick_node.cpp:327:12:[m[K [01;31m[Kerror: [m[Kredeclaration of â€˜[01m[Kdouble fraction[m[Kâ€™
[4.413s]   327 |     double [01;31m[Kfraction[m[K = arm_group.computeCartesianPath(waypoints, eef_step, jump_threshold, trajectory);
[4.413s]       |            [01;31m[K^~~~~~~~[m[K
[4.413s] [01m[K/home/aaa/robot/ros2_ws/src/panda_pick/src/cpp_pick_node.cpp:265:12:[m[K [01;36m[Knote: [m[Kâ€˜[01m[Kdouble fraction[m[Kâ€™ previously declared here
[4.413s]   265 |     double [01;36m[Kfraction[m[K = arm_group.computeCartesianPath(waypoints_down, 0.01, 0.0, trajectory);
[4.413s]       |            [01;36m[K^~~~~~~~[m[K
[7.761s] gmake[2]: *** [CMakeFiles/cpp_pick_node.dir/build.make:76: CMakeFiles/cpp_pick_node.dir/src/cpp_pick_node.cpp.o] Error 1
[7.764s] gmake[1]: *** [CMakeFiles/Makefile2:137: CMakeFiles/cpp_pick_node.dir/all] Error 2
[7.764s] gmake: *** [Makefile:146: all] Error 2
[8.079s] Invoked command in '/home/aaa/robot/ros2_ws/build/panda_pick' returned '2': CMAKE_PREFIX_PATH=${CMAKE_PREFIX_PATH}:/home/aaa/robot/ros2_ws/install/smach_ros:/home/aaa/robot/ros2_ws/install/smach_demo:/home/aaa/robot/ros2_ws/install/smach:/home/aaa/robot/ros2_ws/install/mj_bridge:/opt/ros/humble /usr/bin/cmake --build /home/aaa/robot/ros2_ws/build/panda_pick -- -j2 -l2
