[0.000000] (-) TimerEvent: {}
[0.000172] (-) JobUnselected: {'identifier': 'executive_smach'}
[0.000220] (-) JobUnselected: {'identifier': 'mj_bridge'}
[0.000265] (-) JobUnselected: {'identifier': 'moveit_task_constructor_capabilities'}
[0.000313] (-) JobUnselected: {'identifier': 'moveit_task_constructor_core'}
[0.000351] (-) JobUnselected: {'identifier': 'moveit_task_constructor_demo'}
[0.000394] (-) JobUnselected: {'identifier': 'moveit_task_constructor_msgs'}
[0.000427] (-) JobUnselected: {'identifier': 'moveit_task_constructor_visualization'}
[0.000459] (-) JobUnselected: {'identifier': 'rviz_marker_tools'}
[0.000491] (-) JobUnselected: {'identifier': 'smach'}
[0.000533] (-) JobUnselected: {'identifier': 'smach_msgs'}
[0.000577] (-) JobUnselected: {'identifier': 'smach_ros'}
[0.000613] (panda_pick) JobQueued: {'identifier': 'panda_pick', 'dependencies': OrderedDict()}
[0.000653] (panda_pick) JobStarted: {'identifier': 'panda_pick'}
[0.028226] (panda_pick) JobProgress: {'identifier': 'panda_pick', 'progress': 'cmake'}
[0.028265] (panda_pick) Command: {'cmd': ['/usr/bin/cmake', '/home/aaa/robot/ros2_ws/src/panda_pick', '-DCMAKE_INSTALL_PREFIX=/home/aaa/robot/ros2_ws/install/panda_pick'], 'cwd': '/home/aaa/robot/ros2_ws/build/panda_pick', 'env': OrderedDict([('LESSOPEN', '| /usr/bin/lesspipe %s'), ('USER', 'aaa'), ('XDG_SESSION_TYPE', 'x11'), ('SHLVL', '1'), ('LIBGL_ALWAYS_SOFTWARE', '1'), ('LD_LIBRARY_PATH', '/home/aaa/robot/ros2_ws/install/smach_msgs/lib:/home/aaa/robot/ros2_ws/install/moveit_task_constructor_visualization/lib:/home/aaa/robot/ros2_ws/install/moveit_task_constructor_demo/lib:/home/aaa/robot/ros2_ws/install/moveit_task_constructor_capabilities/lib:/home/aaa/robot/ros2_ws/install/moveit_task_constructor_core/lib:/home/aaa/robot/ros2_ws/install/rviz_marker_tools/lib:/home/aaa/robot/ros2_ws/install/moveit_task_constructor_msgs/lib:/opt/ros/humble/opt/rviz_ogre_vendor/lib:/opt/ros/humble/lib/aarch64-linux-gnu:/opt/ros/humble/lib'), ('HOME', '/home/aaa'), ('OLDPWD', '/home/aaa/robot/ros2_ws'), ('DESKTOP_SESSION', 'ubuntu-xorg'), ('ROS_PYTHON_VERSION', '3'), ('GNOME_SHELL_SESSION_MODE', 'ubuntu'), ('GTK_MODULES', 'gail:atk-bridge'), ('SYSTEMD_EXEC_PID', '181634'), ('DBUS_SESSION_BUS_ADDRESS', 'unix:path=/run/user/1000/bus'), ('COLORTERM', 'truecolor'), ('COLCON_PREFIX_PATH', '/home/aaa/robot/ros2_ws/install'), ('ROS_DISTRO', 'humble'), ('GTK_IM_MODULE', 'ibus'), ('LOGNAME', 'aaa'), ('_', '/usr/bin/colcon'), ('ROS_VERSION', '2'), ('XDG_SESSION_CLASS', 'user'), ('USERNAME', 'aaa'), ('TERM', 'xterm-256color'), ('GNOME_DESKTOP_SESSION_ID', 'this-is-deprecated'), ('ROS_LOCALHOST_ONLY', '0'), ('WINDOWPATH', '2'), ('PATH', '/opt/ros/humble/bin:/home/aaa/.local/bin:/usr/local/sbin:/usr/local/bin:/usr/sbin:/usr/bin:/sbin:/bin:/usr/games:/usr/local/games:/snap/bin:/snap/bin'), ('SESSION_MANAGER', 'local/aaa:@/tmp/.ICE-unix/181613,unix/aaa:/tmp/.ICE-unix/181613'), ('XDG_MENU_PREFIX', 'gnome-'), ('GNOME_TERMINAL_SCREEN', '/org/gnome/Terminal/screen/ff107968_29bc_4b37_9296_df1a5b2eb70b'), ('XDG_RUNTIME_DIR', '/run/user/1000'), ('DISPLAY', ':0'), ('MUJOCO_GL', 'osmesa'), ('LANG', 'en_US.UTF-8'), ('XDG_CURRENT_DESKTOP', 'ubuntu:GNOME'), ('XMODIFIERS', '@im=ibus'), ('XDG_SESSION_DESKTOP', 'ubuntu-xorg'), ('XAUTHORITY', '/run/user/1000/gdm/Xauthority'), ('LS_COLORS', 'rs=0:di=01;34:ln=01;36:mh=00:pi=40;33:so=01;35:do=01;35:bd=40;33;01:cd=40;33;01:or=40;31;01:mi=00:su=37;41:sg=30;43:ca=30;41:tw=30;42:ow=34;42:st=37;44:ex=01;32:*.tar=01;31:*.tgz=01;31:*.arc=01;31:*.arj=01;31:*.taz=01;31:*.lha=01;31:*.lz4=01;31:*.lzh=01;31:*.lzma=01;31:*.tlz=01;31:*.txz=01;31:*.tzo=01;31:*.t7z=01;31:*.zip=01;31:*.z=01;31:*.dz=01;31:*.gz=01;31:*.lrz=01;31:*.lz=01;31:*.lzo=01;31:*.xz=01;31:*.zst=01;31:*.tzst=01;31:*.bz2=01;31:*.bz=01;31:*.tbz=01;31:*.tbz2=01;31:*.tz=01;31:*.deb=01;31:*.rpm=01;31:*.jar=01;31:*.war=01;31:*.ear=01;31:*.sar=01;31:*.rar=01;31:*.alz=01;31:*.ace=01;31:*.zoo=01;31:*.cpio=01;31:*.7z=01;31:*.rz=01;31:*.cab=01;31:*.wim=01;31:*.swm=01;31:*.dwm=01;31:*.esd=01;31:*.jpg=01;35:*.jpeg=01;35:*.mjpg=01;35:*.mjpeg=01;35:*.gif=01;35:*.bmp=01;35:*.pbm=01;35:*.pgm=01;35:*.ppm=01;35:*.tga=01;35:*.xbm=01;35:*.xpm=01;35:*.tif=01;35:*.tiff=01;35:*.png=01;35:*.svg=01;35:*.svgz=01;35:*.mng=01;35:*.pcx=01;35:*.mov=01;35:*.mpg=01;35:*.mpeg=01;35:*.m2v=01;35:*.mkv=01;35:*.webm=01;35:*.webp=01;35:*.ogm=01;35:*.mp4=01;35:*.m4v=01;35:*.mp4v=01;35:*.vob=01;35:*.qt=01;35:*.nuv=01;35:*.wmv=01;35:*.asf=01;35:*.rm=01;35:*.rmvb=01;35:*.flc=01;35:*.avi=01;35:*.fli=01;35:*.flv=01;35:*.gl=01;35:*.dl=01;35:*.xcf=01;35:*.xwd=01;35:*.yuv=01;35:*.cgm=01;35:*.emf=01;35:*.ogv=01;35:*.ogx=01;35:*.aac=00;36:*.au=00;36:*.flac=00;36:*.m4a=00;36:*.mid=00;36:*.midi=00;36:*.mka=00;36:*.mp3=00;36:*.mpc=00;36:*.ogg=00;36:*.ra=00;36:*.wav=00;36:*.oga=00;36:*.opus=00;36:*.spx=00;36:*.xspf=00;36:'), ('GNOME_TERMINAL_SERVICE', ':1.91'), ('SSH_AGENT_LAUNCHER', 'gnome-keyring'), ('SSH_AUTH_SOCK', '/run/user/1000/keyring/ssh'), ('AMENT_PREFIX_PATH', '/home/aaa/robot/ros2_ws/install/executive_smach:/home/aaa/robot/ros2_ws/install/smach_ros:/home/aaa/robot/ros2_ws/install/smach_msgs:/home/aaa/robot/ros2_ws/install/smach_demo:/home/aaa/robot/ros2_ws/install/smach:/home/aaa/robot/ros2_ws/install/moveit_task_constructor_visualization:/home/aaa/robot/ros2_ws/install/moveit_task_constructor_demo:/home/aaa/robot/ros2_ws/install/moveit_task_constructor_capabilities:/home/aaa/robot/ros2_ws/install/moveit_task_constructor_core:/home/aaa/robot/ros2_ws/install/rviz_marker_tools:/home/aaa/robot/ros2_ws/install/panda_pick:/home/aaa/robot/ros2_ws/install/moveit_task_constructor_msgs:/home/aaa/robot/ros2_ws/install/mj_bridge:/opt/ros/humble'), ('SHELL', '/bin/bash'), ('QT_ACCESSIBILITY', '1'), ('GDMSESSION', 'ubuntu-xorg'), ('LESSCLOSE', '/usr/bin/lesspipe %s %s'), ('CMAKE_MODULE_PATH', '/home/aaa/robot/ros2_ws/install/moveit_task_constructor_core/share/moveit_task_constructor_core/cmake'), ('GPG_AGENT_INFO', '/run/user/1000/gnupg/S.gpg-agent:0:1'), ('QT_IM_MODULE', 'ibus'), ('PWD', '/home/aaa/robot/ros2_ws/build/panda_pick'), ('XDG_CONFIG_DIRS', '/etc/xdg/xdg-ubuntu-xorg:/etc/xdg'), ('XDG_DATA_DIRS', '/usr/share/ubuntu-xorg:/usr/share/gnome:/usr/local/share/:/usr/share/:/var/lib/snapd/desktop'), ('PYTHONPATH', '/home/aaa/robot/ros2_ws/build/smach_ros:/home/aaa/robot/ros2_ws/install/smach_ros/lib/python3.10/site-packages:/home/aaa/robot/ros2_ws/install/smach_msgs/local/lib/python3.10/dist-packages:/home/aaa/robot/ros2_ws/build/smach_demo:/home/aaa/robot/ros2_ws/install/smach_demo/lib/python3.10/site-packages:/home/aaa/robot/ros2_ws/build/smach:/home/aaa/robot/ros2_ws/install/smach/lib/python3.10/site-packages:/home/aaa/robot/ros2_ws/install/moveit_task_constructor_core/local/lib/python3.10/dist-packages:/home/aaa/robot/ros2_ws/install/moveit_task_constructor_msgs/local/lib/python3.10/dist-packages:/home/aaa/robot/ros2_ws/build/mj_bridge:/home/aaa/robot/ros2_ws/install/mj_bridge/lib/python3.10/site-packages:/opt/ros/humble/lib/python3.10/site-packages:/opt/ros/humble/local/lib/python3.10/dist-packages'), ('COLCON', '1'), ('VTE_VERSION', '6800'), ('CMAKE_PREFIX_PATH', '/home/aaa/robot/ros2_ws/install/executive_smach:/home/aaa/robot/ros2_ws/install/smach_msgs:/home/aaa/robot/ros2_ws/install/moveit_task_constructor_visualization:/home/aaa/robot/ros2_ws/install/moveit_task_constructor_demo:/home/aaa/robot/ros2_ws/install/moveit_task_constructor_capabilities:/home/aaa/robot/ros2_ws/install/moveit_task_constructor_core:/home/aaa/robot/ros2_ws/install/rviz_marker_tools:/home/aaa/robot/ros2_ws/install/panda_pick:/home/aaa/robot/ros2_ws/install/moveit_task_constructor_msgs:/home/aaa/robot/ros2_ws/install/smach_ros:/home/aaa/robot/ros2_ws/install/smach_demo:/home/aaa/robot/ros2_ws/install/smach:/home/aaa/robot/ros2_ws/install/mj_bridge:/opt/ros/humble')]), 'shell': False}
[0.090945] (-) TimerEvent: {}
[0.191191] (-) TimerEvent: {}
[0.244586] (panda_pick) StdoutLine: {'line': b'-- The C compiler identification is GNU 11.4.0\n'}
[0.291272] (-) TimerEvent: {}
[0.328420] (panda_pick) StdoutLine: {'line': b'-- The CXX compiler identification is GNU 11.4.0\n'}
[0.332042] (panda_pick) StdoutLine: {'line': b'-- Detecting C compiler ABI info\n'}
[0.392636] (-) TimerEvent: {}
[0.456841] (panda_pick) StdoutLine: {'line': b'-- Detecting C compiler ABI info - done\n'}
[0.460242] (panda_pick) StdoutLine: {'line': b'-- Check for working C compiler: /usr/bin/cc - skipped\n'}
[0.461724] (panda_pick) StdoutLine: {'line': b'-- Detecting C compile features\n'}
[0.462017] (panda_pick) StdoutLine: {'line': b'-- Detecting C compile features - done\n'}
[0.463622] (panda_pick) StdoutLine: {'line': b'-- Detecting CXX compiler ABI info\n'}
[0.492707] (-) TimerEvent: {}
[0.550918] (panda_pick) StdoutLine: {'line': b'-- Detecting CXX compiler ABI info - done\n'}
[0.551090] (panda_pick) StdoutLine: {'line': b'-- Check for working CXX compiler: /usr/bin/c++ - skipped\n'}
[0.551122] (panda_pick) StdoutLine: {'line': b'-- Detecting CXX compile features\n'}
[0.551148] (panda_pick) StdoutLine: {'line': b'-- Detecting CXX compile features - done\n'}
[0.551464] (panda_pick) StdoutLine: {'line': b'-- Found ament_cmake: 1.3.12 (/opt/ros/humble/share/ament_cmake/cmake)\n'}
[0.592814] (-) TimerEvent: {}
[0.680934] (panda_pick) StdoutLine: {'line': b'-- Found Python3: /usr/bin/python3 (found version "3.10.12") found components: Interpreter \n'}
[0.692933] (-) TimerEvent: {}
[0.765256] (panda_pick) StdoutLine: {'line': b'-- Found rclcpp: 16.0.15 (/opt/ros/humble/share/rclcpp/cmake)\n'}
[0.793054] (-) TimerEvent: {}
[0.834905] (panda_pick) StdoutLine: {'line': b'-- Found rosidl_generator_c: 3.1.7 (/opt/ros/humble/share/rosidl_generator_c/cmake)\n'}
[0.844399] (panda_pick) StdoutLine: {'line': b'-- Found rosidl_adapter: 3.1.7 (/opt/ros/humble/share/rosidl_adapter/cmake)\n'}
[0.848609] (panda_pick) StdoutLine: {'line': b'-- Found rosidl_generator_cpp: 3.1.7 (/opt/ros/humble/share/rosidl_generator_cpp/cmake)\n'}
[0.862293] (panda_pick) StdoutLine: {'line': b'-- Using all available rosidl_typesupport_c: rosidl_typesupport_fastrtps_c;rosidl_typesupport_introspection_c\n'}
[0.872817] (panda_pick) StdoutLine: {'line': b'-- Using all available rosidl_typesupport_cpp: rosidl_typesupport_fastrtps_cpp;rosidl_typesupport_introspection_cpp\n'}
[0.893167] (-) TimerEvent: {}
[0.898377] (panda_pick) StdoutLine: {'line': b'-- Found rmw_implementation_cmake: 6.1.2 (/opt/ros/humble/share/rmw_implementation_cmake/cmake)\n'}
[0.899994] (panda_pick) StdoutLine: {'line': b'-- Found rmw_fastrtps_cpp: 6.2.9 (/opt/ros/humble/share/rmw_fastrtps_cpp/cmake)\n'}
[0.993279] (-) TimerEvent: {}
[1.053257] (panda_pick) StdoutLine: {'line': b'-- Found OpenSSL: /usr/lib/aarch64-linux-gnu/libcrypto.so (found version "3.0.2")  \n'}
[1.093395] (-) TimerEvent: {}
[1.108982] (panda_pick) StdoutLine: {'line': b'-- Found FastRTPS: /opt/ros/humble/include  \n'}
[1.134232] (panda_pick) StdoutLine: {'line': b"-- Using RMW implementation 'rmw_fastrtps_cpp' as default\n"}
[1.139344] (panda_pick) StdoutLine: {'line': b'-- Looking for pthread.h\n'}
[1.186392] (panda_pick) StdoutLine: {'line': b'-- Looking for pthread.h - found\n'}
[1.186573] (panda_pick) StdoutLine: {'line': b'-- Performing Test CMAKE_HAVE_LIBC_PTHREAD\n'}
[1.193495] (-) TimerEvent: {}
[1.246159] (panda_pick) StdoutLine: {'line': b'-- Performing Test CMAKE_HAVE_LIBC_PTHREAD - Success\n'}
[1.246755] (panda_pick) StdoutLine: {'line': b'-- Found Threads: TRUE  \n'}
[1.293817] (-) TimerEvent: {}
[1.399400] (-) TimerEvent: {}
[1.482167] (panda_pick) StdoutLine: {'line': b'-- Found moveit_ros_move_group: 2.5.9 (/opt/ros/humble/share/moveit_ros_move_group/cmake)\n'}
[1.500258] (-) TimerEvent: {}
[1.569797] (panda_pick) StdoutLine: {'line': b'-- Found Boost: /usr/lib/aarch64-linux-gnu/cmake/Boost-1.74.0/BoostConfig.cmake (found version "1.74.0") found components: system filesystem date_time program_options thread \n'}
[1.600367] (-) TimerEvent: {}
[1.648455] (panda_pick) StdoutLine: {'line': b'-- Found eigen3_cmake_module: 0.1.1 (/opt/ros/humble/share/eigen3_cmake_module/cmake)\n'}
[1.649292] (panda_pick) StdoutLine: {'line': b'-- Found Eigen3: TRUE (found version "3.4.0") \n'}
[1.649460] (panda_pick) StdoutLine: {'line': b'-- Ensuring Eigen3 include directory is part of orocos-kdl CMake target\n'}
[1.691929] (panda_pick) StdoutLine: {'line': b'-- Found Boost: /usr/lib/aarch64-linux-gnu/cmake/Boost-1.74.0/BoostConfig.cmake (found version "1.74.0") found components: chrono date_time filesystem iostreams program_options regex serialization system thread \n'}
[1.700974] (-) TimerEvent: {}
[1.713011] (panda_pick) StdoutLine: {'line': b'-- Found parameter_traits: 0.5.0 (/opt/ros/humble/share/parameter_traits/cmake)\n'}
[1.724508] (panda_pick) StdoutLine: {'line': b'-- Found rclcpp_lifecycle: 16.0.15 (/opt/ros/humble/share/rclcpp_lifecycle/cmake)\n'}
[1.740974] (panda_pick) StdoutLine: {'line': b'-- Found Boost: /usr/lib/aarch64-linux-gnu/cmake/Boost-1.74.0/BoostConfig.cmake (found version "1.74.0") found components: filesystem \n'}
[1.801517] (-) TimerEvent: {}
[1.810243] (panda_pick) StdoutLine: {'line': b'-- library: /usr/lib/aarch64-linux-gnu/libcurl.so\n'}
[1.902103] (-) TimerEvent: {}
[1.951381] (panda_pick) StdoutLine: {'line': b'-- Found Boost: /usr/lib/aarch64-linux-gnu/cmake/Boost-1.74.0/BoostConfig.cmake (found version "1.74.0") found components: system filesystem date_time program_options thread chrono \n'}
[1.961197] (panda_pick) StdoutLine: {'line': b'-- Found moveit_ros_planning_interface: 2.5.9 (/opt/ros/humble/share/moveit_ros_planning_interface/cmake)\n'}
[1.963857] (panda_pick) StdoutLine: {'line': b'-- Found Boost: /usr/lib/aarch64-linux-gnu/cmake/Boost-1.74.0/BoostConfig.cmake (found version "1.74.0") found components: date_time filesystem program_options system thread \n'}
[1.972027] (panda_pick) StdoutLine: {'line': b'-- Found Boost: /usr/lib/aarch64-linux-gnu/cmake/Boost-1.74.0/BoostConfig.cmake (found version "1.74.0") found components: thread system filesystem regex date_time program_options \n'}
[2.002158] (-) TimerEvent: {}
[2.019873] (panda_pick) StdoutLine: {'line': b'-- Configuring done\n'}
[2.037170] (panda_pick) StdoutLine: {'line': b'-- Generating done\n'}
[2.042923] (panda_pick) StdoutLine: {'line': b'-- Build files have been written to: /home/aaa/robot/ros2_ws/build/panda_pick\n'}
[2.057794] (panda_pick) CommandEnded: {'returncode': 0}
[2.065904] (panda_pick) JobProgress: {'identifier': 'panda_pick', 'progress': 'build'}
[2.065951] (panda_pick) Command: {'cmd': ['/usr/bin/cmake', '--build', '/home/aaa/robot/ros2_ws/build/panda_pick', '--', '-j2', '-l2'], 'cwd': '/home/aaa/robot/ros2_ws/build/panda_pick', 'env': OrderedDict([('LESSOPEN', '| /usr/bin/lesspipe %s'), ('USER', 'aaa'), ('XDG_SESSION_TYPE', 'x11'), ('SHLVL', '1'), ('LIBGL_ALWAYS_SOFTWARE', '1'), ('LD_LIBRARY_PATH', '/home/aaa/robot/ros2_ws/install/smach_msgs/lib:/home/aaa/robot/ros2_ws/install/moveit_task_constructor_visualization/lib:/home/aaa/robot/ros2_ws/install/moveit_task_constructor_demo/lib:/home/aaa/robot/ros2_ws/install/moveit_task_constructor_capabilities/lib:/home/aaa/robot/ros2_ws/install/moveit_task_constructor_core/lib:/home/aaa/robot/ros2_ws/install/rviz_marker_tools/lib:/home/aaa/robot/ros2_ws/install/moveit_task_constructor_msgs/lib:/opt/ros/humble/opt/rviz_ogre_vendor/lib:/opt/ros/humble/lib/aarch64-linux-gnu:/opt/ros/humble/lib'), ('HOME', '/home/aaa'), ('OLDPWD', '/home/aaa/robot/ros2_ws'), ('DESKTOP_SESSION', 'ubuntu-xorg'), ('ROS_PYTHON_VERSION', '3'), ('GNOME_SHELL_SESSION_MODE', 'ubuntu'), ('GTK_MODULES', 'gail:atk-bridge'), ('SYSTEMD_EXEC_PID', '181634'), ('DBUS_SESSION_BUS_ADDRESS', 'unix:path=/run/user/1000/bus'), ('COLORTERM', 'truecolor'), ('COLCON_PREFIX_PATH', '/home/aaa/robot/ros2_ws/install'), ('ROS_DISTRO', 'humble'), ('GTK_IM_MODULE', 'ibus'), ('LOGNAME', 'aaa'), ('_', '/usr/bin/colcon'), ('ROS_VERSION', '2'), ('XDG_SESSION_CLASS', 'user'), ('USERNAME', 'aaa'), ('TERM', 'xterm-256color'), ('GNOME_DESKTOP_SESSION_ID', 'this-is-deprecated'), ('ROS_LOCALHOST_ONLY', '0'), ('WINDOWPATH', '2'), ('PATH', '/opt/ros/humble/bin:/home/aaa/.local/bin:/usr/local/sbin:/usr/local/bin:/usr/sbin:/usr/bin:/sbin:/bin:/usr/games:/usr/local/games:/snap/bin:/snap/bin'), ('SESSION_MANAGER', 'local/aaa:@/tmp/.ICE-unix/181613,unix/aaa:/tmp/.ICE-unix/181613'), ('XDG_MENU_PREFIX', 'gnome-'), ('GNOME_TERMINAL_SCREEN', '/org/gnome/Terminal/screen/ff107968_29bc_4b37_9296_df1a5b2eb70b'), ('XDG_RUNTIME_DIR', '/run/user/1000'), ('DISPLAY', ':0'), ('MUJOCO_GL', 'osmesa'), ('LANG', 'en_US.UTF-8'), ('XDG_CURRENT_DESKTOP', 'ubuntu:GNOME'), ('XMODIFIERS', '@im=ibus'), ('XDG_SESSION_DESKTOP', 'ubuntu-xorg'), ('XAUTHORITY', '/run/user/1000/gdm/Xauthority'), ('LS_COLORS', 'rs=0:di=01;34:ln=01;36:mh=00:pi=40;33:so=01;35:do=01;35:bd=40;33;01:cd=40;33;01:or=40;31;01:mi=00:su=37;41:sg=30;43:ca=30;41:tw=30;42:ow=34;42:st=37;44:ex=01;32:*.tar=01;31:*.tgz=01;31:*.arc=01;31:*.arj=01;31:*.taz=01;31:*.lha=01;31:*.lz4=01;31:*.lzh=01;31:*.lzma=01;31:*.tlz=01;31:*.txz=01;31:*.tzo=01;31:*.t7z=01;31:*.zip=01;31:*.z=01;31:*.dz=01;31:*.gz=01;31:*.lrz=01;31:*.lz=01;31:*.lzo=01;31:*.xz=01;31:*.zst=01;31:*.tzst=01;31:*.bz2=01;31:*.bz=01;31:*.tbz=01;31:*.tbz2=01;31:*.tz=01;31:*.deb=01;31:*.rpm=01;31:*.jar=01;31:*.war=01;31:*.ear=01;31:*.sar=01;31:*.rar=01;31:*.alz=01;31:*.ace=01;31:*.zoo=01;31:*.cpio=01;31:*.7z=01;31:*.rz=01;31:*.cab=01;31:*.wim=01;31:*.swm=01;31:*.dwm=01;31:*.esd=01;31:*.jpg=01;35:*.jpeg=01;35:*.mjpg=01;35:*.mjpeg=01;35:*.gif=01;35:*.bmp=01;35:*.pbm=01;35:*.pgm=01;35:*.ppm=01;35:*.tga=01;35:*.xbm=01;35:*.xpm=01;35:*.tif=01;35:*.tiff=01;35:*.png=01;35:*.svg=01;35:*.svgz=01;35:*.mng=01;35:*.pcx=01;35:*.mov=01;35:*.mpg=01;35:*.mpeg=01;35:*.m2v=01;35:*.mkv=01;35:*.webm=01;35:*.webp=01;35:*.ogm=01;35:*.mp4=01;35:*.m4v=01;35:*.mp4v=01;35:*.vob=01;35:*.qt=01;35:*.nuv=01;35:*.wmv=01;35:*.asf=01;35:*.rm=01;35:*.rmvb=01;35:*.flc=01;35:*.avi=01;35:*.fli=01;35:*.flv=01;35:*.gl=01;35:*.dl=01;35:*.xcf=01;35:*.xwd=01;35:*.yuv=01;35:*.cgm=01;35:*.emf=01;35:*.ogv=01;35:*.ogx=01;35:*.aac=00;36:*.au=00;36:*.flac=00;36:*.m4a=00;36:*.mid=00;36:*.midi=00;36:*.mka=00;36:*.mp3=00;36:*.mpc=00;36:*.ogg=00;36:*.ra=00;36:*.wav=00;36:*.oga=00;36:*.opus=00;36:*.spx=00;36:*.xspf=00;36:'), ('GNOME_TERMINAL_SERVICE', ':1.91'), ('SSH_AGENT_LAUNCHER', 'gnome-keyring'), ('SSH_AUTH_SOCK', '/run/user/1000/keyring/ssh'), ('AMENT_PREFIX_PATH', '/home/aaa/robot/ros2_ws/install/executive_smach:/home/aaa/robot/ros2_ws/install/smach_ros:/home/aaa/robot/ros2_ws/install/smach_msgs:/home/aaa/robot/ros2_ws/install/smach_demo:/home/aaa/robot/ros2_ws/install/smach:/home/aaa/robot/ros2_ws/install/moveit_task_constructor_visualization:/home/aaa/robot/ros2_ws/install/moveit_task_constructor_demo:/home/aaa/robot/ros2_ws/install/moveit_task_constructor_capabilities:/home/aaa/robot/ros2_ws/install/moveit_task_constructor_core:/home/aaa/robot/ros2_ws/install/rviz_marker_tools:/home/aaa/robot/ros2_ws/install/panda_pick:/home/aaa/robot/ros2_ws/install/moveit_task_constructor_msgs:/home/aaa/robot/ros2_ws/install/mj_bridge:/opt/ros/humble'), ('SHELL', '/bin/bash'), ('QT_ACCESSIBILITY', '1'), ('GDMSESSION', 'ubuntu-xorg'), ('LESSCLOSE', '/usr/bin/lesspipe %s %s'), ('CMAKE_MODULE_PATH', '/home/aaa/robot/ros2_ws/install/moveit_task_constructor_core/share/moveit_task_constructor_core/cmake'), ('GPG_AGENT_INFO', '/run/user/1000/gnupg/S.gpg-agent:0:1'), ('QT_IM_MODULE', 'ibus'), ('PWD', '/home/aaa/robot/ros2_ws/build/panda_pick'), ('XDG_CONFIG_DIRS', '/etc/xdg/xdg-ubuntu-xorg:/etc/xdg'), ('XDG_DATA_DIRS', '/usr/share/ubuntu-xorg:/usr/share/gnome:/usr/local/share/:/usr/share/:/var/lib/snapd/desktop'), ('PYTHONPATH', '/home/aaa/robot/ros2_ws/build/smach_ros:/home/aaa/robot/ros2_ws/install/smach_ros/lib/python3.10/site-packages:/home/aaa/robot/ros2_ws/install/smach_msgs/local/lib/python3.10/dist-packages:/home/aaa/robot/ros2_ws/build/smach_demo:/home/aaa/robot/ros2_ws/install/smach_demo/lib/python3.10/site-packages:/home/aaa/robot/ros2_ws/build/smach:/home/aaa/robot/ros2_ws/install/smach/lib/python3.10/site-packages:/home/aaa/robot/ros2_ws/install/moveit_task_constructor_core/local/lib/python3.10/dist-packages:/home/aaa/robot/ros2_ws/install/moveit_task_constructor_msgs/local/lib/python3.10/dist-packages:/home/aaa/robot/ros2_ws/build/mj_bridge:/home/aaa/robot/ros2_ws/install/mj_bridge/lib/python3.10/site-packages:/opt/ros/humble/lib/python3.10/site-packages:/opt/ros/humble/local/lib/python3.10/dist-packages'), ('COLCON', '1'), ('VTE_VERSION', '6800'), ('CMAKE_PREFIX_PATH', '/home/aaa/robot/ros2_ws/install/executive_smach:/home/aaa/robot/ros2_ws/install/smach_msgs:/home/aaa/robot/ros2_ws/install/moveit_task_constructor_visualization:/home/aaa/robot/ros2_ws/install/moveit_task_constructor_demo:/home/aaa/robot/ros2_ws/install/moveit_task_constructor_capabilities:/home/aaa/robot/ros2_ws/install/moveit_task_constructor_core:/home/aaa/robot/ros2_ws/install/rviz_marker_tools:/home/aaa/robot/ros2_ws/install/panda_pick:/home/aaa/robot/ros2_ws/install/moveit_task_constructor_msgs:/home/aaa/robot/ros2_ws/install/smach_ros:/home/aaa/robot/ros2_ws/install/smach_demo:/home/aaa/robot/ros2_ws/install/smach:/home/aaa/robot/ros2_ws/install/mj_bridge:/opt/ros/humble')]), 'shell': False}
[2.102161] (panda_pick) StdoutLine: {'line': b'[ 50%] \x1b[32mBuilding CXX object CMakeFiles/cpp_pick_node.dir/src/cpp_pick_node.cpp.o\x1b[0m\n'}
[2.102364] (-) TimerEvent: {}
[2.202665] (-) TimerEvent: {}
[2.303295] (-) TimerEvent: {}
[2.325083] (panda_pick) StderrLine: {'line': b'\x1b[01m\x1b[K/home/aaa/robot/ros2_ws/src/panda_pick/src/cpp_pick_node.cpp:2:10:\x1b[m\x1b[K \x1b[01;31m\x1b[Kfatal error: \x1b[m\x1b[Kmoveit/move_group_interface/move_group_interface.hpp: No such file or directory\n'}
[2.325256] (panda_pick) StderrLine: {'line': b'    2 | #include \x1b[01;31m\x1b[K<moveit/move_group_interface/move_group_interface.hpp>\x1b[m\x1b[K\n'}
[2.325299] (panda_pick) StderrLine: {'line': b'      |          \x1b[01;31m\x1b[K^~~~~~~~~~~~~~~~~~~~~~~~~~~~~~~~~~~~~~~~~~~~~~~~~~~~~~\x1b[m\x1b[K\n'}
[2.325323] (panda_pick) StderrLine: {'line': b'compilation terminated.\n'}
[2.327512] (panda_pick) StderrLine: {'line': b'gmake[2]: *** [CMakeFiles/cpp_pick_node.dir/build.make:76: CMakeFiles/cpp_pick_node.dir/src/cpp_pick_node.cpp.o] Error 1\n'}
[2.327868] (panda_pick) StderrLine: {'line': b'gmake[1]: *** [CMakeFiles/Makefile2:137: CMakeFiles/cpp_pick_node.dir/all] Error 2\n'}
[2.327913] (panda_pick) StderrLine: {'line': b'gmake: *** [Makefile:146: all] Error 2\n'}
[2.332065] (panda_pick) CommandEnded: {'returncode': 2}
[2.336636] (panda_pick) JobEnded: {'identifier': 'panda_pick', 'rc': 2}
[2.337233] (-) EventReactorShutdown: {}
