[35m[1mConsolidate compiler generated dependencies of target cpp_pick_node[0m
[ 50%] [32mBuilding CXX object CMakeFiles/cpp_pick_node.dir/src/cpp_pick_node.cpp.o[0m
[01m[K/home/aaa/robot/ros2_ws/src/panda_pick/src/cpp_pick_node.cpp:[m[K In function â€˜[01m[Kint main(int, char**)[m[Kâ€™:
[01m[K/home/aaa/robot/ros2_ws/src/panda_pick/src/cpp_pick_node.cpp:302:26:[m[K [01;31m[Kerror: [m[Ktoo many arguments to function â€˜[01m[Kvoid spawn_objects_in_rviz(moveit::planning_interface::PlanningSceneInterface&)[m[Kâ€™
  302 |     [01;31m[Kspawn_objects_in_rviz(planning_scene_interface, task_list)[m[K;
      |     [01;31m[K~~~~~~~~~~~~~~~~~~~~~^~~~~~~~~~~~~~~~~~~~~~~~~~~~~~~~~~~~~[m[K
[01m[K/home/aaa/robot/ros2_ws/src/panda_pick/src/cpp_pick_node.cpp:67:6:[m[K [01;36m[Knote: [m[Kdeclared here
   67 | void [01;36m[Kspawn_objects_in_rviz[m[K(moveit::planning_interface::PlanningSceneInterface& psi) {
      |      [01;36m[K^~~~~~~~~~~~~~~~~~~~~[m[K
gmake[2]: *** [CMakeFiles/cpp_pick_node.dir/build.make:76: CMakeFiles/cpp_pick_node.dir/src/cpp_pick_node.cpp.o] Error 1
gmake[1]: *** [CMakeFiles/Makefile2:137: CMakeFiles/cpp_pick_node.dir/all] Error 2
gmake: *** [Makefile:146: all] Error 2
